<?xml version="1.0" encoding="UTF-8"?>
<!-- Generated by org.testng.reporters.JUnitXMLReporter -->
<testsuite hostname="Admin-PC" name="Default test" tests="7" failures="0" timestamp="3 Dec 2015 09:32:05 GMT" time="283.545" errors="0">
  <testcase name="GeneralCommonLogin" time="15.174" classname="com.operation.testcase.GeneralCommonLoginFlow"/>
  <testcase name="GeneralCommonRegister" time="74.126" classname="com.operation.testcase.GeneralCommonRegisterFlow"/>
  <testcase name="GeneralQuickLogin" time="8.532" classname="com.operation.testcase.GeneralQuickLoginFlow"/>
  <testcase name="GeneralQuickRegister" time="65.811" classname="com.operation.testcase.GeneralQuickRegisterFlow"/>
  <testcase name="GeneralAdminLogin" time="23.706" classname="com.operation.testcase.GeneralCSCLoginPassFlow"/>
  <testcase name="GeneralAdminLogout" time="24.995" classname="com.operation.testcase.GeneralCSCLogoutPassFlow"/>
  <testcase name="OperateCSCMenu" time="34.55" classname="com.operation.testcase.GeneralCSCMenuOperateFlow"/>
</testsuite> <!-- Default test -->
