<?xml version="1.0" encoding="UTF-8"?>
<!-- Generated by org.testng.reporters.JUnitXMLReporter -->
<testsuite hostname="FTQSH-L5220" name="BestChoiceFundThemeAndBelongConfigFlow" tests="4" failures="0" timestamp="10 Jul 2015 03:00:41 GMT" time="99.242" errors="0">
  <testcase name="GeneralAdminEmallLogin" time="15.693" classname="com.emall.fund.testcases.BestChoiceFundThemeAndBelongConfig"/>
  <testcase name="PositiveThemeConfigAndVerification" time="36.109" classname="com.emall.fund.testcases.BestChoiceFundThemeAndBelongConfig"/>
  <testcase name="PositiveFundBelongConfigAndVerification" time="27.027" classname="com.emall.fund.testcases.BestChoiceFundThemeAndBelongConfig"/>
  <testcase name="BestChoiceFundConfigFrontOfficeVerification" time="13.548" classname="com.emall.fund.testcases.BestChoiceFundThemeAndBelongConfig"/>
</testsuite> <!-- BestChoiceFundThemeAndBelongConfigFlow -->
