<?xml version="1.0" encoding="UTF-8"?>
<!-- Generated by org.testng.reporters.JUnitXMLReporter -->
<testsuite hostname="Admin-PC" name="HighRiskFundBelongConfigFlow" tests="4" failures="1" timestamp="2 Dec 2015 10:01:00 GMT" time="247.511" errors="0">
  <testcase name="GeneralCommonLogin" time="15.213" classname="com.operation.testcase.GeneralCommonLoginFlow"/>
  <testcase name="GeneralCommonRegister" time="129.758" classname="com.operation.testcase.GeneralCommonRegisterFlow">
    <failure type="java.lang.NullPointerException">
      <![CDATA[java.lang.NullPointerException
	at com.operation.business.ReAndLogin_Page.commonRegister(ReAndLogin_Page.java:180)
	at com.operation.testcase.GeneralCommonRegisterFlow.GeneralCommonRegister(GeneralCommonRegisterFlow.java:26)
... Removed 24 stack frames]]>
    </failure>
  </testcase> <!-- GeneralCommonRegister -->
  <testcase name="GeneralQuickLogin" time="9.613" classname="com.operation.testcase.GeneralQuickLoginFlow"/>
  <testcase name="GeneralQuickRegister" time="68.508" classname="com.operation.testcase.GeneralQuickRegisterFlow"/>
</testsuite> <!-- HighRiskFundBelongConfigFlow -->
