<?xml version="1.0" encoding="UTF-8"?>
<!-- Generated by org.testng.reporters.JUnitXMLReporter -->
<testsuite hostname="FTQSH-L5220" name="LowRiskFundBelongConfigFlow" tests="3" failures="0" timestamp="10 Jul 2015 02:57:59 GMT" time="68.834" errors="0">
  <testcase name="GeneralAdminEmallLogin" time="15.522" classname="com.emall.fund.testcases.LowRiskFundBelongConfig"/>
  <testcase name="PositiveFundBelongConfigAndVerification" time="27.567" classname="com.emall.fund.testcases.LowRiskFundBelongConfig"/>
  <testcase name="FundBelongConfigFrontOfficeVerification" time="18.43" classname="com.emall.fund.testcases.LowRiskFundBelongConfig"/>
</testsuite> <!-- LowRiskFundBelongConfigFlow -->
