<?xml version="1.0" encoding="UTF-8"?>
<!-- Generated by org.testng.reporters.JUnitXMLReporter -->
<testsuite hostname="FTQSH-L5220" name="MediumRiskFundBelongConfigFlow" tests="3" failures="0" timestamp="10 Jul 2015 02:56:50 GMT" time="70.907" errors="0">
  <testcase name="GeneralAdminEmallLogin" time="18.355" classname="com.emall.fund.testcases.MediumRiskFundBelongConfig"/>
  <testcase name="PositiveFundBelongConfigAndVerification" time="27.764" classname="com.emall.fund.testcases.MediumRiskFundBelongConfig"/>
  <testcase name="FundBelongConfigFrontOfficeVerification" time="18.209" classname="com.emall.fund.testcases.MediumRiskFundBelongConfig"/>
</testsuite> <!-- MediumRiskFundBelongConfigFlow -->
