<?xml version="1.0" encoding="UTF-8"?>
<!-- Generated by org.testng.reporters.JUnitXMLReporter -->
<testsuite hostname="FTQSH-L5220" name="MostOutstandingFundBelongConfigFlow" tests="3" failures="0" timestamp="10 Jul 2015 02:59:02 GMT" time="62.754" errors="0">
  <testcase name="GeneralAdminEmallLogin" time="15.906" classname="com.emall.fund.testcases.MostOutstandingFundBelongConfig"/>
  <testcase name="PositiveFundBelongConfigAndVerification" time="27.634" classname="com.emall.fund.testcases.MostOutstandingFundBelongConfig"/>
  <testcase name="FundBelongConfigFrontOfficeVerification" time="12.461" classname="com.emall.fund.testcases.MostOutstandingFundBelongConfig"/>
</testsuite> <!-- MostOutstandingFundBelongConfigFlow -->
