<?xml version="1.0" encoding="UTF-8"?>
<!-- Generated by org.testng.reporters.JUnitXMLReporter -->
<testsuite hostname="FTQSH-L8064" name="Test" tests="1" failures="1" timestamp="25 Jun 2015 10:39:20 GMT" time="48.464" errors="0">
  <testcase name="withoutAssetsRegister" time="40.258" classname="com.paic.testcases.RegisterTC">
    <failure type="java.lang.AssertionError" message="expected [true] but found [false]">
      <![CDATA[java.lang.AssertionError: expected [true] but found [false]
	at com.paic.testcases.RegisterTC.withoutAssetsRegister(Unknown Source)
... Removed 27 stack frames]]>
    </failure>
  </testcase> <!-- withoutAssetsRegister -->
</testsuite> <!-- Test -->
